[2021-10-20 22:49:39,670][__main__][INFO] - Stage : Startup
[2021-10-20 22:49:39,678][__main__][INFO] - Workdir : /atlas/u/yanndubs/ISSL/outputs/2021-10-20_22-49-39.
[2021-10-20 22:49:39,686][__main__][INFO] - Stage : Representor
[2021-10-20 22:49:39,713][__main__][INFO] - Name : exp_dev/datarepr_mnist/augrepr_rotation_scale_shear_x-translation_y-translation/repr_base/dec_cluster_self_distillation/enc_resnet18/reg_cosine/optrepr_AdamW_lr1.0e-03_w1.0e-05/schedrepr_expdecay100/zdim_128/zs_1/beta_1.0e+00/seed_123/addrepr_None.
[2021-10-20 22:49:49,698][__main__][INFO] - Train representor ...
[2021-10-20 22:50:59,760][__main__][INFO] - Saved best checkpoint to /atlas/u/yanndubs/ISSL/pretrained/exp_dev/datarepr_mnist/augrepr_rotation_scale_shear_x-translation_y-translation/repr_base/dec_cluster_self_distillation/enc_resnet18/reg_cosine/optrepr_AdamW_lr1.0e-03_w1.0e-05/schedrepr_expdecay100/zdim_128/zs_1/beta_1.0e+00/seed_123/addrepr_None/jid_None_2021-10-20_22-49-39/best_representor.ckpt.
[2021-10-20 22:50:59,762][__main__][INFO] - Evaluate representor ...
[2021-10-20 22:51:01,205][__main__][INFO] - Logging results to /atlas/u/yanndubs/ISSL/results/exp_dev/datarepr_mnist/augrepr_rotation_scale_shear_x-translation_y-translation/repr_base/dec_cluster_self_distillation/enc_resnet18/reg_cosine/optrepr_AdamW_lr1.0e-03_w1.0e-05/schedrepr_expdecay100/zdim_128/zs_1/beta_1.0e+00/seed_123/addrepr_None/jid_None_2021-10-20_22-49-39/results_representor.csv.
[2021-10-20 22:51:01,206][__main__][INFO] - Finalizing representor.
[2021-10-20 22:51:01,408][__main__][INFO] - Stage : Predictor
[2021-10-20 22:51:01,441][__main__][INFO] - Name : exp_dev/datarepr_mnist/augrepr_rotation_scale_shear_x-translation_y-translation/repr_base/dec_cluster_self_distillation/enc_resnet18/reg_cosine/optrepr_AdamW_lr1.0e-03_w1.0e-05/schedrepr_expdecay100/zdim_128/zs_1/beta_1.0e+00/seed_123/addrepr_None/datapred_mnist/pred_sk_svm/optpred_AdamW_lr3.0e-04_w1.0e-05/schedpred_unifmultistep100/addpred_None.
[2021-10-20 22:51:19,602][__main__][INFO] - Train predictor ...
[2021-10-20 22:51:48,576][__main__][INFO] - Saved best checkpoint to /atlas/u/yanndubs/ISSL/pretrained/exp_dev/datarepr_mnist/augrepr_rotation_scale_shear_x-translation_y-translation/repr_base/dec_cluster_self_distillation/enc_resnet18/reg_cosine/optrepr_AdamW_lr1.0e-03_w1.0e-05/schedrepr_expdecay100/zdim_128/zs_1/beta_1.0e+00/seed_123/addrepr_None/datapred_mnist/pred_sk_svm/optpred_AdamW_lr3.0e-04_w1.0e-05/schedpred_unifmultistep100/addpred_None/jid_None_2021-10-20_22-49-39/best_predictor.ckpt.
[2021-10-20 22:55:59,021][__main__][INFO] - Evaluate predictor ...
[2021-10-20 23:03:15,093][__main__][ERROR] - Failed to evaluate. Skipping this error:
Traceback (most recent call last):
  File "/atlas/u/yanndubs/ISSL/main.py", line 535, in evaluate
    trainer.stage = cfg.stage
  File "/sailhome/yanndubs/anaconda3/envs/issl/lib/python3.9/bdb.py", line 94, in trace_dispatch
    return self.dispatch_exception(frame, arg)
  File "/sailhome/yanndubs/anaconda3/envs/issl/lib/python3.9/bdb.py", line 174, in dispatch_exception
    if self.quitting: raise BdbQuit
bdb.BdbQuit
[2021-10-20 23:03:15,098][__main__][INFO] - Finalizing predictor.
[2021-10-20 23:03:15,287][__main__][INFO] - Stage : Shutdown
